<?xml version="1.0" encoding="UTF-8"?>
<!-- Generated by org.testng.reporters.JUnitXMLReporter -->
<testsuite hostname="LAPTOP-DCCOGBUJ" ignored="0" name="Test(failed)(failed)" tests="1" failures="1" timestamp="2021-07-09T21:31:12 IST" time="1.424" errors="0">
  <testcase name="runScenario" time="0.284" classname="io.cucumber.testng.AbstractTestNGCucumberTests">
    <failure type="io.cucumber.core.exception.CucumberException" message="Step [^enter firstName as &amp;quot;([^&amp;quot;]*)&amp;quot; middliName as &amp;quot;([^&amp;quot;]*)&amp;quot; lastName as &amp;quot;([^&amp;quot;]*)&amp;quot; salutation as &amp;quot;([^&amp;quot;]*)&amp;quot; website as &amp;quot;([^&amp;quot;]*)&amp;quot; sufix as &amp;quot;([^&amp;quot;]*)&amp;quot; Company as &amp;quot;([^&amp;quot;]*)&amp;quot; Email as &amp;quot;([^&amp;quot;]*)&amp;quot; MobilePhone as &amp;quot;([^&amp;quot;]*)&amp;quot; industry as &amp;quot;([^&amp;quot;]*)&amp;quot; Leadsource as &amp;quot;([^&amp;quot;]*)&amp;quot; details to fill$] is defined with 22 parameters at &amp;apos;testSuite.Stepdefinition.enter_firstname_as_something_middliname_as_something_lastname_as_something_salutation_as_something_website_as_something_sufix_as_something_company_as_something_email_as_something_mobilephone_as_something_industry_as_something_leadsource_as_something_details_to_fill(java.lang.String,java.lang.String,java.lang.String,java.lang.String,java.lang.String,java.lang.String,java.lang.String,java.lang.String,java.lang.String,java.lang.String,java.lang.String,java.lang.String,java.lang.String,java.lang.String,java.lang.String,java.lang.String,java.lang.String,java.lang.String,java.lang.String,java.lang.String,java.lang.String,java.lang.String)&amp;apos;.
However, the gherkin step has 11 arguments:
 * maduri
 * baby
 * manepalli
 * mrs.
 * madu.org.in
 * jr
 * TCS
 * maduri509@gmail.com
 * 9704262461
 * Banking
 * website
Step text: enter firstName as &amp;quot;maduri&amp;quot; middliName as &amp;quot;baby&amp;quot; lastName as &amp;quot;manepalli&amp;quot; salutation as &amp;quot;mrs.&amp;quot; website as &amp;quot;madu.org.in&amp;quot; sufix as &amp;quot;jr&amp;quot; Company as &amp;quot;TCS&amp;quot; Email as &amp;quot;maduri509@gmail.com&amp;quot; MobilePhone as &amp;quot;9704262461&amp;quot; industry as &amp;quot;Banking&amp;quot; Leadsource as &amp;quot;website&amp;quot; details to fill">
      <![CDATA[io.cucumber.core.exception.CucumberException: Step [^enter firstName as "([^"]*)" middliName as "([^"]*)" lastName as "([^"]*)" salutation as "([^"]*)" website as "([^"]*)" sufix as "([^"]*)" Company as "([^"]*)" Email as "([^"]*)" MobilePhone as "([^"]*)" industry as "([^"]*)" Leadsource as "([^"]*)" details to fill$] is defined with 22 parameters at 'testSuite.Stepdefinition.enter_firstname_as_something_middliname_as_something_lastname_as_something_salutation_as_something_website_as_something_sufix_as_something_company_as_something_email_as_something_mobilephone_as_something_industry_as_something_leadsource_as_something_details_to_fill(java.lang.String,java.lang.String,java.lang.String,java.lang.String,java.lang.String,java.lang.String,java.lang.String,java.lang.String,java.lang.String,java.lang.String,java.lang.String,java.lang.String,java.lang.String,java.lang.String,java.lang.String,java.lang.String,java.lang.String,java.lang.String,java.lang.String,java.lang.String,java.lang.String,java.lang.String)'.
However, the gherkin step has 11 arguments:
 * maduri
 * baby
 * manepalli
 * mrs.
 * madu.org.in
 * jr
 * TCS
 * maduri509@gmail.com
 * 9704262461
 * Banking
 * website
Step text: enter firstName as "maduri" middliName as "baby" lastName as "manepalli" salutation as "mrs." website as "madu.org.in" sufix as "jr" Company as "TCS" Email as "maduri509@gmail.com" MobilePhone as "9704262461" industry as "Banking" Leadsource as "website" details to fill
at io.cucumber.core.runner.PickleStepDefinitionMatch.arityMismatch(PickleStepDefinitionMatch.java:83)
at io.cucumber.core.runner.PickleStepDefinitionMatch.runStep(PickleStepDefinitionMatch.java:42)
at io.cucumber.core.runner.ExecutionMode$1.execute(ExecutionMode.java:10)
at io.cucumber.core.runner.TestStep.executeStep(TestStep.java:92)
at io.cucumber.core.runner.TestStep.run(TestStep.java:64)
at io.cucumber.core.runner.PickleStepTestStep.run(PickleStepTestStep.java:51)
at io.cucumber.core.runner.TestCase.run(TestCase.java:104)
at io.cucumber.core.runner.Runner.runPickle(Runner.java:71)
at io.cucumber.testng.TestNGCucumberRunner.lambda$runScenario$0(TestNGCucumberRunner.java:116)
at io.cucumber.core.runtime.CucumberExecutionContext.runTestCase(CucumberExecutionContext.java:117)
at io.cucumber.testng.TestNGCucumberRunner.runScenario(TestNGCucumberRunner.java:113)
at io.cucumber.testng.AbstractTestNGCucumberTests.runScenario(AbstractTestNGCucumberTests.java:31)
at java.util.ArrayList.forEach(Unknown Source)
... Removed 27 stack frames]]>
    </failure>
  </testcase> <!-- runScenario -->
</testsuite> <!-- Test(failed)(failed) -->
